1524238798027	geckodriver	INFO	geckodriver 0.19.1
1524238798064	geckodriver	INFO	Listening on 127.0.0.1:34145
1524238799228	mozrunner::runner	INFO	Running command: "/usr/bin/firefox" "-marionette" "-profile" "/tmp/rust_mozprofile.r2qp0GH90X6U"
1524238801654	Marionette	INFO	Enabled via --marionette
1524238806564	Marionette	INFO	Listening on port 38595
1524238806698	Marionette	WARN	TLS certificate errors will be ignored for this session
1524239050871	geckodriver	INFO	geckodriver 0.19.1
1524239050874	geckodriver	INFO	Listening on 127.0.0.1:59523
1524239051988	mozrunner::runner	INFO	Running command: "/usr/bin/firefox" "-marionette" "-profile" "/tmp/rust_mozprofile.RXwj9aD0Bhfa"
1524239053026	Marionette	INFO	Enabled via --marionette
1524239055914	Marionette	INFO	Listening on port 37975
1524239056012	Marionette	WARN	TLS certificate errors will be ignored for this session
1524239095859	geckodriver	INFO	geckodriver 0.19.1
1524239095863	geckodriver	INFO	Listening on 127.0.0.1:54293
1524239096977	mozrunner::runner	INFO	Running command: "/usr/bin/firefox" "-marionette" "-profile" "/tmp/rust_mozprofile.ubXLDv3AU5Bs"
1524239098006	Marionette	INFO	Enabled via --marionette
*** UTM:SVC TimerManager:registerTimer called after profile-before-change notification. Ignoring timer registration for id: telemetry_modules_ping
1524239101624	Marionette	INFO	Listening on port 37729
1524239101696	Marionette	WARN	TLS certificate errors will be ignored for this session
*** UTM:SVC TimerManager:registerTimer called after profile-before-change notification. Ignoring timer registration for id: telemetry_modules_ping
1524259926251	geckodriver	INFO	geckodriver 0.20.0
1524259926270	geckodriver	INFO	Listening on 127.0.0.1:59447
1524259926684	mozrunner::runner	INFO	Running command: "/usr/bin/firefox" "-marionette" "-profile" "/tmp/rust_mozprofile.T1953oBXISpx"
1524259928372	Marionette	INFO	Enabled via --marionette
1524259931228	Marionette	INFO	Listening on port 36567
1524259931314	Marionette	WARN	TLS certificate errors will be ignored for this session
*** UTM:SVC TimerManager:registerTimer called after profile-before-change notification. Ignoring timer registration for id: telemetry_modules_ping
1524260155462	geckodriver	INFO	geckodriver 0.20.0
1524260155541	geckodriver	INFO	Listening on 127.0.0.1:45721
1524260157018	mozrunner::runner	INFO	Running command: "/usr/bin/firefox" "-marionette" "-profile" "/tmp/rust_mozprofile.UK9S2BDJhxI1"
1524260158456	Marionette	INFO	Enabled via --marionette
1524260160782	Marionette	INFO	Listening on port 33449
1524260160860	Marionette	WARN	TLS certificate errors will be ignored for this session
*** UTM:SVC TimerManager:registerTimer called after profile-before-change notification. Ignoring timer registration for id: telemetry_modules_ping
1524260168991	geckodriver::marionette	ERROR	Failed to stop browser process
1524260184300	geckodriver	INFO	geckodriver 0.20.0
1524260184308	geckodriver	INFO	Listening on 127.0.0.1:54161
1524260184452	mozrunner::runner	INFO	Running command: "/usr/bin/firefox" "-marionette" "-profile" "/tmp/rust_mozprofile.MSKAPOmmWaOs"
1524260185390	Marionette	INFO	Enabled via --marionette
1524260187692	Marionette	INFO	Listening on port 35749
1524260187782	Marionette	WARN	TLS certificate errors will be ignored for this session
*** UTM:SVC TimerManager:registerTimer called after profile-before-change notification. Ignoring timer registration for id: telemetry_modules_ping
1524260195977	geckodriver::marionette	ERROR	Failed to stop browser process
